<?xml version="1.0" encoding="UTF-8"?>
<testsuite xmlns:xsi="http://www.w3.org/2001/XMLSchema-instance" xsi:noNamespaceSchemaLocation="https://maven.apache.org/surefire/maven-surefire-plugin/xsd/surefire-test-report-3.0.xsd" version="3.0" name="pl.edu.agh.kis.pz1.util.MyMapTest" time="0.047" tests="11" errors="0" skipped="0" failures="0">
  <properties>
[...]
</properties>
  <testcase name="testRemoveExistingElement" classname="pl.edu.agh.kis.pz1.util.MyMapTest" time="0.017"/>
  <testcase name="testContainsExistingKey" classname="pl.edu.agh.kis.pz1.util.MyMapTest" time="0.002"/>
  <testcase name="testKeys" classname="pl.edu.agh.kis.pz1.util.MyMapTest" time="0.001"/>
  <testcase name="testPutNewElement" classname="pl.edu.agh.kis.pz1.util.MyMapTest" time="0.001"/>
  <testcase name="testGetNonExistingElement" classname="pl.edu.agh.kis.pz1.util.MyMapTest" time="0.001"/>
  <testcase name="testPutExistingElement" classname="pl.edu.agh.kis.pz1.util.MyMapTest" time="0.001"/>
  <testcase name="testRemoveNullKey" classname="pl.edu.agh.kis.pz1.util.MyMapTest" time="0.0"/>
  <testcase name="testGetExistingElement" classname="pl.edu.agh.kis.pz1.util.MyMapTest" time="0.001"/>
  <testcase name="testContainsNonExistingKey" classname="pl.edu.agh.kis.pz1.util.MyMapTest" time="0.001"/>
  <testcase name="testRemoveNonExistingElement" classname="pl.edu.agh.kis.pz1.util.MyMapTest" time="0.0"/>
  <testcase name="testPutNullKey" classname="pl.edu.agh.kis.pz1.util.MyMapTest" time="0.0"/>
</testsuite>