GROUP,PACKAGE,CLASS,INSTRUCTION_MISSED,INSTRUCTION_COVERED,BRANCH_MISSED,BRANCH_COVERED,LINE_MISSED,LINE_COVERED,COMPLEXITY_MISSED,COMPLEXITY_COVERED,METHOD_MISSED,METHOD_COVERED
Modul glowny aplikacji - klasa Main z metoda main,pl.edu.agh.kis.pz1.main.model,HotelService,815,0,72,0,147,0,45,0,9,0
Modul glowny aplikacji - klasa Main z metoda main,pl.edu.agh.kis.pz1.main.model,Room,275,0,16,0,42,0,14,0,6,0
Modul glowny aplikacji - klasa Main z metoda main,pl.edu.agh.kis.pz1.main.model,Guest,13,9,0,0,1,4,1,1,1,1
Modul glowny aplikacji - klasa Main z metoda main,pl.edu.agh.kis.pz1.main.model,Hotel,39,0,2,0,9,0,4,0,3,0
Modul glowny aplikacji - klasa Main z metoda main,pl.edu.agh.kis.pz1.main,Main,53,3,0,0,14,1,1,1,1,1
